  grammar.c
  libconfig.c
  scanctx.c
  scanner.c
  strbuf.c
  mt19937ar.c
  conf.c
  core.c
  db.c
  des.c
  ers.c
  grfio.c
  malloc.c
  mapindex.c
  md5calc.c
  mempool.c
  mutex.c
  nullpo.c
  raconf.c
  random.c
  showmsg.c
  socket.c
  sql.c
  strlib.c
  thread.c
  timer.c
  utils.c
  cli.c
  msg_conf.c
  achievement.c
  atcommand.c
  battle.c
  battleground.c
  buyingstore.c
  cashshop.c
  channel.c
  chat.c
  chrif.c
  clif.c
  date.c
  duel.c
  elemental.c
  faction.c
  guild.c
  intif.c
  itemdb.c
  log.c
  mail.c
  map.c
  mapreg.c
  homunculus.c
  instance.c
  mercenary.c
  mob.c
  npc.c
  npc_chat.c
  party.c
  path.c
  pc.c
  pc_groups.c
  pet.c
  quest.c
  region.c
  script.c
c:\users\pedro\downloads\servidor-playrag\servidor playrag\emulador\emulator\src\map\pc.c(1645): warning C4334: '<<': result of 32-bit shift implicitly converted to 64 bits (was 64-bit shift intended?)
  searchstore.c
  skill.c
  status.c
  storage.c
  trade.c
  unit.c
  vending.c
  map-server.vcxproj -> C:\Users\Pedro\Downloads\Servidor-PlayRag\Servidor PlayRag\Emulador\emulator\vcproj-14\..\map-server.exe
  map-server.vcxproj -> ..\map-server.pdb (Full PDB)
