  grammar.c
  libconfig.c
  scanctx.c
  scanner.c
  strbuf.c
  mt19937ar.c
  int_achievement.c
  core.c
  conf.c
  db.c
  ers.c
  malloc.c
  mapindex.c
  mempool.c
  mutex.c
  nullpo.c
  raconf.c
  random.c
  showmsg.c
  socket.c
  sql.c
  strlib.c
  thread.c
  timer.c
  utils.c
  cli.c
  msg_conf.c
  char.c
  char_clif.c
  char_cnslif.c
  char_logif.c
  char_mapif.c
  int_auction.c
  int_elemental.c
  int_guild.c
  int_homun.c
  int_mail.c
  int_mercenary.c
  int_party.c
  int_pet.c
  int_quest.c
  int_storage.c
  inter.c
  char-server.vcxproj -> C:\Users\Pedro\Downloads\Servidor-PlayRag\Servidor PlayRag\Emulador\emulator\vcproj-14\..\char-server.exe
  char-server.vcxproj -> ..\char-server.pdb (Full PDB)
